[+] Containers:
 |- [+] Container: /Game/Blueprints/NavMesh_Prototype
 |   |- [+] ActorDescs:
 |   |   |- Guid:07BF401A404344C6DEB0F9B7BCF7F7DA BaseClass: NativeClass:/Script/Engine.VolumetricCloud Name:VolumetricCloud_1 Label:VolumetricCloud SpatiallyLoaded:0 Bounds:IsValid=true, Min=(X=0.000 Y=0.000 Z=820.000), Max=(X=0.000 Y=0.000 Z=820.000) RuntimeGrid:None EditorOnly:0 RuntimeOnly:0 HLODRelevant:0 ListedInSceneOutliner:1 IsMainWorldOnly:0 FolderPath:Lighting FolderGuid:08A10B054C95868C663DE39EE4343813
 |   |   |- Guid:10121E4942DD6F4387392887C7C9CDCB BaseClass: NativeClass:/Script/Engine.StaticMeshActor Name:StaticMeshActor_UAID_04BF1B79D76EB91A02_1532482515 Label:Cube5 SpatiallyLoaded:1 Bounds:IsValid=true, Min=(X=750.000 Y=1220.000 Z=-10.000), Max=(X=850.000 Y=1320.000 Z=90.000) RuntimeGrid:None EditorOnly:0 RuntimeOnly:0 HLODRelevant:1 ListedInSceneOutliner:1 IsMainWorldOnly:0
 |   |   |- Guid:10B68FE04B38EE810F3389A3D86A1754 BaseClass: NativeClass:/Script/Engine.StaticMeshActor Name:StaticMeshActor_58 Label:SM_QuarterCylinder11 SpatiallyLoaded:1 Bounds:IsValid=true, Min=(X=2030.000 Y=1570.000 Z=0.000), Max=(X=2230.000 Y=1770.000 Z=100.000) RuntimeGrid:None EditorOnly:0 RuntimeOnly:0 HLODRelevant:1 ListedInSceneOutliner:1 IsMainWorldOnly:0 FolderPath:Cylinder FolderGuid:ECA4956E419DA4E5BAB7F389537BCB14
 |   |   |- Guid:1A0F8F674421B202BDA9838CB04CBA87 BaseClass: NativeClass:/Script/NavigationSystem.RecastNavMesh Name:RecastNavMesh_UAID_04BF1B79D76EB91A02-Default Label:RecastNavMesh-Default SpatiallyLoaded:0 Bounds:IsValid=true, Min=(X=0.000 Y=0.000 Z=0.000), Max=(X=0.000 Y=0.000 Z=0.000) RuntimeGrid:None EditorOnly:0 RuntimeOnly:0 HLODRelevant:0 ListedInSceneOutliner:1 IsMainWorldOnly:0
 |   |   |- Guid:3812A9D1473CAA0FB50603887A024C81 BaseClass: NativeClass:/Script/Engine.StaticMeshActor Name:StaticMeshActor_40 Label:SM_ChamferCube2 SpatiallyLoaded:1 Bounds:IsValid=true, Min=(X=992.077 Y=2692.077 Z=0.013), Max=(X=1107.923 Y=2807.923 Z=100.013) RuntimeGrid:None EditorOnly:0 RuntimeOnly:0 HLODRelevant:0 ListedInSceneOutliner:1 IsMainWorldOnly:0
 |   |   |- Guid:3962B3FE47292C12645BBEAA1C4EFCB0 BaseClass: NativeClass:/Script/Engine.StaticMeshActor Name:StaticMeshActor_54 Label:SM_QuarterCylinder4 SpatiallyLoaded:1 Bounds:IsValid=true, Min=(X=300.000 Y=2600.000 Z=0.000), Max=(X=400.000 Y=2700.000 Z=200.000) RuntimeGrid:None EditorOnly:0 RuntimeOnly:0 HLODRelevant:1 ListedInSceneOutliner:1 IsMainWorldOnly:0 FolderPath:Block03 FolderGuid:8CD3949449A9ED1D3F209CA69A64B60F
 |   |   |- Guid:42E0657041CF1F5084553C94CD9DD047 BaseClass: NativeClass:/Script/Engine.SkyAtmosphere Name:SkyAtmosphere_1 Label:SkyAtmosphere SpatiallyLoaded:0 Bounds:IsValid=true, Min=(X=0.000 Y=0.000 Z=1020.000), Max=(X=0.000 Y=0.000 Z=1020.000) RuntimeGrid:None EditorOnly:0 RuntimeOnly:0 HLODRelevant:0 ListedInSceneOutliner:1 IsMainWorldOnly:0 FolderPath:Lighting FolderGuid:08A10B054C95868C663DE39EE4343813
 |   |   |- Guid:44A403EA4EA8355C06304787EFDD6C41 BaseClass: NativeClass:/Script/Engine.StaticMeshActor Name:StaticMeshActor_61 Label:SM_QuarterCylinder14 SpatiallyLoaded:1 Bounds:IsValid=true, Min=(X=2030.000 Y=1370.000 Z=0.000), Max=(X=2230.000 Y=1570.000 Z=100.000) RuntimeGrid:None EditorOnly:0 RuntimeOnly:0 HLODRelevant:1 ListedInSceneOutliner:1 IsMainWorldOnly:0 FolderPath:Cylinder FolderGuid:ECA4956E419DA4E5BAB7F389537BCB14
 |   |   |- Guid:553760364E1109996F9495AC8C2AF827 BaseClass: NativeClass:/Script/Engine.StaticMeshActor Name:StaticMeshActor_UAID_04BF1B79D76EB91A02_1513750511 Label:Cube SpatiallyLoaded:1 Bounds:IsValid=true, Min=(X=780.000 Y=2090.000 Z=-10.000), Max=(X=880.000 Y=2190.000 Z=90.000) RuntimeGrid:None EditorOnly:0 RuntimeOnly:0 HLODRelevant:1 ListedInSceneOutliner:1 IsMainWorldOnly:0
 |   |   |- Guid:57711B624469BF5C0C772ABD06146495 BaseClass: NativeClass:/Script/Engine.PostProcessVolume Name:PostProcessVolume_0 Label:PostProcessVolume SpatiallyLoaded:0 Bounds:IsValid=true, Min=(X=0.000 Y=0.000 Z=400.000), Max=(X=200.000 Y=200.000 Z=600.000) RuntimeGrid:None EditorOnly:0 RuntimeOnly:0 HLODRelevant:0 ListedInSceneOutliner:1 IsMainWorldOnly:0 FolderPath:Lighting FolderGuid:08A10B054C95868C663DE39EE4343813
 |   |   |- Guid:5C2F7A9C46EB9366F396FBA47B987067 BaseClass: NativeClass:/Script/Engine.StaticMeshActor Name:StaticMeshActor_UAID_A4AE111137DC5EFB00_1594956423 Label:SM_SkySphere SpatiallyLoaded:0 Bounds:IsValid=true, Min=(X=-1638400.000 Y=-1638400.000 Z=-1638400.000), Max=(X=1638400.000 Y=1638400.000 Z=1638400.000) RuntimeGrid:None EditorOnly:0 RuntimeOnly:0 HLODRelevant:0 ListedInSceneOutliner:1 IsMainWorldOnly:0 FolderPath:Lighting FolderGuid:08A10B054C95868C663DE39EE4343813
 |   |   |- Guid:5CAEDC884A19415E336967AF2F90CD4D BaseClass: NativeClass:/Script/Engine.StaticMeshActor Name:StaticMeshActor_60 Label:SM_QuarterCylinder13 SpatiallyLoaded:1 Bounds:IsValid=true, Min=(X=1830.000 Y=1370.000 Z=0.000), Max=(X=2030.000 Y=1570.000 Z=100.000) RuntimeGrid:None EditorOnly:0 RuntimeOnly:0 HLODRelevant:1 ListedInSceneOutliner:1 IsMainWorldOnly:0 FolderPath:Cylinder FolderGuid:ECA4956E419DA4E5BAB7F389537BCB14
 |   |   |- Guid:5DEECD1F49078E0CB45EBDBDCE22AA63 BaseClass: NativeClass:/Script/NavigationSystem.NavMeshBoundsVolume Name:NavMeshBoundsVolume_UAID_04BF1B79D76EB91A02_1587313518 Label:NavMeshBoundsVolume SpatiallyLoaded:0 Bounds:IsValid=true, Min=(X=-20321.818 Y=-18555.943 Z=-6182.972), Max=(X=23141.818 Y=22175.943 Z=6802.972) RuntimeGrid:None EditorOnly:0 RuntimeOnly:0 HLODRelevant:0 ListedInSceneOutliner:1 IsMainWorldOnly:0
 |   |   |- Guid:604F943F4CE6E149C2C695A2821829E0 BaseClass: NativeClass:/Script/Engine.StaticMeshActor Name:StaticMeshActor_UAID_04BF1B79D76EB91A02_1518411512 Label:Cube2 SpatiallyLoaded:1 Bounds:IsValid=true, Min=(X=480.000 Y=1590.000 Z=-10.000), Max=(X=580.000 Y=1690.000 Z=90.000) RuntimeGrid:None EditorOnly:0 RuntimeOnly:0 HLODRelevant:1 ListedInSceneOutliner:1 IsMainWorldOnly:0
 |   |   |- Guid:62ADE4D24CE18F5792688FB2C8E5C24F BaseClass:/Game/Blueprints/PlayerUnit.PlayerUnit_C NativeClass:/Script/Engine.Character Name:PlayerUnit_C_UAID_04BF1B79D76EBF1A02_1932842568 Label:PlayerUnit SpatiallyLoaded:1 Bounds:IsValid=true, Min=(X=766.000 Y=1866.000 Z=150.000), Max=(X=834.000 Y=1934.000 Z=343.000) RuntimeGrid:None EditorOnly:0 RuntimeOnly:0 HLODRelevant:0 ListedInSceneOutliner:1 IsMainWorldOnly:0
 |   |   |- Guid:6613ACB8466F7109C315A0AF729954E5 BaseClass:/Game/Blueprints/RotatingPlatform.RotatingPlatform_C NativeClass:/Script/Engine.Actor Name:RotatingPlatform_C_UAID_04BF1B79D76EC41A02_1670611447 Label:RotatingPlatform SpatiallyLoaded:1 Bounds:IsValid=true, Min=(X=590.000 Y=147.500 Z=77.500), Max=(X=690.000 Y=972.500 Z=102.500) RuntimeGrid:None EditorOnly:0 RuntimeOnly:0 HLODRelevant:0 ListedInSceneOutliner:1 IsMainWorldOnly:0
 |   |   |- Guid:68D70A2245EB1F7F1FE085BECDE90044 BaseClass:/Game/Blueprints/PlayerUnit.PlayerUnit_C NativeClass:/Script/Engine.Character Name:PlayerUnit_C_UAID_04BF1B79D76EBF1A02_1939011569 Label:PlayerUnit2 SpatiallyLoaded:1 Bounds:IsValid=true, Min=(X=416.000 Y=1866.000 Z=30.000), Max=(X=484.000 Y=1934.000 Z=223.000) RuntimeGrid:None EditorOnly:0 RuntimeOnly:0 HLODRelevant:0 ListedInSceneOutliner:1 IsMainWorldOnly:0
 |   |   |- Guid:6B17FBB94A1CFD9519C633B936B164EB BaseClass: NativeClass:/Script/Engine.StaticMeshActor Name:StaticMeshActor_45 Label:SM_Cube8 SpatiallyLoaded:1 Bounds:IsValid=true, Min=(X=1300.000 Y=2600.000 Z=0.000), Max=(X=2500.000 Y=2900.000 Z=125.000) RuntimeGrid:None EditorOnly:0 RuntimeOnly:0 HLODRelevant:1 ListedInSceneOutliner:1 IsMainWorldOnly:0 FolderPath:Block02 FolderGuid:5DDF0B274F9C8B2C5DABA1999B167516
 |   |   |- Guid:6EFF927540E0CDCCBA368AB1388B1219 BaseClass: NativeClass:/Script/Engine.StaticMeshActor Name:StaticMeshActor_UAID_04BF1B79D76EB91A02_1533887516 Label:Cube6 SpatiallyLoaded:1 Bounds:IsValid=true, Min=(X=950.000 Y=940.000 Z=-10.000), Max=(X=1050.000 Y=1040.000 Z=90.000) RuntimeGrid:None EditorOnly:0 RuntimeOnly:0 HLODRelevant:1 ListedInSceneOutliner:1 IsMainWorldOnly:0
 |   |   |- Guid:72A8B54D44BDCA73DD8DF084EEF7D72D BaseClass: NativeClass:/Script/Engine.StaticMeshActor Name:StaticMeshActor_53 Label:SM_QuarterCylinder3 SpatiallyLoaded:1 Bounds:IsValid=true, Min=(X=1500.000 Y=2200.000 Z=0.000), Max=(X=1600.000 Y=2300.000 Z=200.000) RuntimeGrid:None EditorOnly:0 RuntimeOnly:0 HLODRelevant:1 ListedInSceneOutliner:1 IsMainWorldOnly:0 FolderPath:Block01 FolderGuid:98087B8444A89373CC4763B3845E270A
 |   |   |- Guid:782B896F433BE00FB76B81A09FCC83FB BaseClass: NativeClass:/Script/Engine.StaticMeshActor Name:StaticMeshActor_41 Label:SM_ChamferCube3 SpatiallyLoaded:1 Bounds:IsValid=true, Min=(X=1471.699 Y=1551.699 Z=40.013), Max=(X=1608.301 Y=1688.301 Z=140.013) RuntimeGrid:None EditorOnly:0 RuntimeOnly:0 HLODRelevant:0 ListedInSceneOutliner:1 IsMainWorldOnly:0
 |   |   |- Guid:7DF530964A3B7AC9ECF8E6815D0E3C7D BaseClass: NativeClass:/Script/Engine.StaticMeshActor Name:StaticMeshActor_UAID_04BF1B79D76EB91A02_1547652517 Label:Cube7 SpatiallyLoaded:1 Bounds:IsValid=true, Min=(X=660.000 Y=1680.000 Z=-10.000), Max=(X=760.000 Y=1780.000 Z=90.000) RuntimeGrid:None EditorOnly:0 RuntimeOnly:0 HLODRelevant:1 ListedInSceneOutliner:1 IsMainWorldOnly:0
 |   |   |- Guid:81206EDA4A21E560E54ED8BE43F635F6 BaseClass: NativeClass:/Script/Engine.StaticMeshActor Name:StaticMeshActor_57 Label:SM_QuarterCylinder6 SpatiallyLoaded:1 Bounds:IsValid=true, Min=(X=1200.000 Y=2200.000 Z=0.000), Max=(X=1300.000 Y=2300.000 Z=200.000) RuntimeGrid:None EditorOnly:0 RuntimeOnly:0 HLODRelevant:1 ListedInSceneOutliner:1 IsMainWorldOnly:0 FolderPath:Block01 FolderGuid:98087B8444A89373CC4763B3845E270A
 |   |   |- Guid:8D9EF0AC4BE754EDA97DAE97E1657163 BaseClass: NativeClass:/Script/Engine.WorldDataLayers Name:WorldDataLayers Label:WorldDataLayers-1 SpatiallyLoaded:0 Bounds:Invalid RuntimeGrid:None EditorOnly:0 RuntimeOnly:0 HLODRelevant:0 ListedInSceneOutliner:1 IsMainWorldOnly:1
 |   |   |- Guid:8FDCA7884119591B55FE92AA464525E4 BaseClass: NativeClass:/Script/AIModule.NavLinkProxy Name:NavLinkProxy_UAID_04BF1B79D76E121B02_1506969180 Label:NavLinkProxy SpatiallyLoaded:1 Bounds:IsValid=true, Min=(X=1540.000 Y=4900.000 Z=50.000), Max=(X=1540.000 Y=4900.000 Z=50.000) RuntimeGrid:None EditorOnly:0 RuntimeOnly:0 HLODRelevant:0 ListedInSceneOutliner:1 IsMainWorldOnly:0
 |   |   |- Guid:92B7CA674AAE13C31EB5F2B127E72294 BaseClass: NativeClass:/Script/Engine.StaticMeshActor Name:StaticMeshActor_39 Label:SM_Ramp2 SpatiallyLoaded:1 Bounds:IsValid=true, Min=(X=1400.000 Y=1500.000 Z=0.000), Max=(X=1800.000 Y=1700.000 Z=100.000) RuntimeGrid:None EditorOnly:0 RuntimeOnly:0 HLODRelevant:1 ListedInSceneOutliner:1 IsMainWorldOnly:0 FolderPath:Block01 FolderGuid:98087B8444A89373CC4763B3845E270A
 |   |   |- Guid:9D3691904A8EFDF7DA32DCA7135145CA BaseClass: NativeClass:/Script/Engine.StaticMeshActor Name:StaticMeshActor_UAID_04BF1B79D76EB91A02_1651574520 Label:SM_Ramp3 SpatiallyLoaded:1 Bounds:IsValid=true, Min=(X=1800.000 Y=1500.000 Z=100.000), Max=(X=2200.000 Y=1700.000 Z=200.000) RuntimeGrid:None EditorOnly:0 RuntimeOnly:0 HLODRelevant:1 ListedInSceneOutliner:1 IsMainWorldOnly:0 FolderPath:Block01 FolderGuid:98087B8444A89373CC4763B3845E270A
 |   |   |- Guid:A70C474C450C6D1B2D8E8FBEA8DDFAB7 BaseClass: NativeClass:/Script/Engine.SkyLight Name:SkyLight_0 Label:SkyLight SpatiallyLoaded:0 Bounds:IsValid=true, Min=(X=0.000 Y=0.000 Z=690.000), Max=(X=0.000 Y=0.000 Z=690.000) RuntimeGrid:None EditorOnly:0 RuntimeOnly:0 HLODRelevant:0 ListedInSceneOutliner:1 IsMainWorldOnly:0 FolderPath:Lighting FolderGuid:08A10B054C95868C663DE39EE4343813
 |   |   |- Guid:AB278F574CA7965D4DC5BABC1B617FE5 BaseClass: NativeClass:/Script/Engine.StaticMeshActor Name:StaticMeshActor_34 Label:SM_ChamferCube SpatiallyLoaded:1 Bounds:IsValid=true, Min=(X=1100.000 Y=2000.000 Z=0.013), Max=(X=1200.000 Y=2100.000 Z=100.013) RuntimeGrid:None EditorOnly:0 RuntimeOnly:0 HLODRelevant:0 ListedInSceneOutliner:1 IsMainWorldOnly:0
 |   |   |- Guid:ABC4614041B54DF74DC62DA5F2E60C81 BaseClass: NativeClass:/Script/Engine.StaticMeshActor Name:StaticMeshActor_UAID_04BF1B79D76E121B02_1167827177 Label:SM_Cube11 SpatiallyLoaded:1 Bounds:IsValid=true, Min=(X=1630.000 Y=4120.000 Z=0.000), Max=(X=1930.000 Y=5320.000 Z=125.000) RuntimeGrid:None EditorOnly:0 RuntimeOnly:0 HLODRelevant:1 ListedInSceneOutliner:1 IsMainWorldOnly:0 FolderPath:Block02 FolderGuid:5DDF0B274F9C8B2C5DABA1999B167516
 |   |   |- Guid:B03D91CE450AA19A56D666B3D98D8DC7 BaseClass: NativeClass:/Script/Engine.StaticMeshActor Name:StaticMeshActor_UAID_04BF1B79D76EBD1A02_1488731215 Label:Cube8 SpatiallyLoaded:1 Bounds:IsValid=true, Min=(X=940.000 Y=1110.000 Z=-10.000), Max=(X=1040.000 Y=1210.000 Z=90.000) RuntimeGrid:None EditorOnly:0 RuntimeOnly:0 HLODRelevant:1 ListedInSceneOutliner:1 IsMainWorldOnly:0
 |   |   |- Guid:B081BBA246292099E8AD85A524145554 BaseClass: NativeClass:/Script/Engine.StaticMeshActor Name:StaticMeshActor_35 Label:SM_Ramp SpatiallyLoaded:1 Bounds:IsValid=true, Min=(X=1300.000 Y=600.000 Z=0.000), Max=(X=1700.000 Y=800.000 Z=30.000) RuntimeGrid:None EditorOnly:0 RuntimeOnly:0 HLODRelevant:1 ListedInSceneOutliner:1 IsMainWorldOnly:0
 |   |   |- Guid:B899A7144F1CE45945E423A093CA20B1 BaseClass: NativeClass:/Script/Engine.StaticMeshActor Name:StaticMeshActor_UAID_04BF1B79D76EB91A02_1530875514 Label:Cube4 SpatiallyLoaded:1 Bounds:IsValid=true, Min=(X=455.000 Y=1245.000 Z=-10.000), Max=(X=605.000 Y=1395.000 Z=90.000) RuntimeGrid:None EditorOnly:0 RuntimeOnly:0 HLODRelevant:1 ListedInSceneOutliner:1 IsMainWorldOnly:0
 |   |   |- Guid:BBD553D745D330F5FEE59EA8DE0A95DF BaseClass: NativeClass:/Script/Engine.StaticMeshActor Name:StaticMeshActor_59 Label:SM_QuarterCylinder12 SpatiallyLoaded:1 Bounds:IsValid=true, Min=(X=1830.000 Y=1570.000 Z=0.000), Max=(X=2030.000 Y=1770.000 Z=100.000) RuntimeGrid:None EditorOnly:0 RuntimeOnly:0 HLODRelevant:1 ListedInSceneOutliner:1 IsMainWorldOnly:0 FolderPath:Cylinder FolderGuid:ECA4956E419DA4E5BAB7F389537BCB14
 |   |   |- Guid:BCE82327407A022C17A9FF8161E83385 BaseClass:/Game/Blueprints/PlayerUnit.PlayerUnit_C NativeClass:/Script/Engine.Character Name:PlayerUnit_C_UAID_04BF1B79D76E121B02_1205394179 Label:PlayerUnit4 SpatiallyLoaded:1 Bounds:IsValid=true, Min=(X=306.000 Y=4656.000 Z=100.000), Max=(X=374.000 Y=4724.000 Z=293.000) RuntimeGrid:None EditorOnly:0 RuntimeOnly:0 HLODRelevant:0 ListedInSceneOutliner:1 IsMainWorldOnly:0
 |   |   |- Guid:C07C689F476A69A26EF8CB9DE0A6BD69 BaseClass: NativeClass:/Script/Engine.ExponentialHeightFog Name:ExponentialHeightFog_1 Label:ExponentialHeightFog SpatiallyLoaded:0 Bounds:IsValid=true, Min=(X=-5600.000 Y=-50.000 Z=-6850.000), Max=(X=-5600.000 Y=-50.000 Z=-6850.000) RuntimeGrid:None EditorOnly:0 RuntimeOnly:0 HLODRelevant:0 ListedInSceneOutliner:1 IsMainWorldOnly:0 FolderPath:Lighting FolderGuid:08A10B054C95868C663DE39EE4343813
 |   |   |- Guid:C32F7D93454EA4DD3237FF852C16DCF1 BaseClass: NativeClass:/Script/Engine.StaticMeshActor Name:StaticMeshActor_33 Label:SM_Cube SpatiallyLoaded:1 Bounds:IsValid=true, Min=(X=0.000 Y=0.000 Z=-50.000), Max=(X=3525.000 Y=3500.000 Z=0.000) RuntimeGrid:None EditorOnly:0 RuntimeOnly:0 HLODRelevant:1 ListedInSceneOutliner:1 IsMainWorldOnly:0 FolderPath:Playground FolderGuid:8CD33C9A4E75AD59B95486AC740693D6
 |   |   |- Guid:C53FD2B74552C189361A7ABD2F8618C7 BaseClass: NativeClass:/Script/Engine.StaticMeshActor Name:StaticMeshActor_55 Label:SM_QuarterCylinder5 SpatiallyLoaded:1 Bounds:IsValid=true, Min=(X=300.000 Y=2800.000 Z=0.000), Max=(X=400.000 Y=2900.000 Z=200.000) RuntimeGrid:None EditorOnly:0 RuntimeOnly:0 HLODRelevant:1 ListedInSceneOutliner:1 IsMainWorldOnly:0 FolderPath:Block03 FolderGuid:8CD3949449A9ED1D3F209CA69A64B60F
 |   |   |- Guid:C672224D47892CCF04D0289DF9D06006 BaseClass: NativeClass:/Script/Engine.StaticMeshActor Name:StaticMeshActor_UAID_04BF1B79D76E121B02_1123060175 Label:SM_Cube2 SpatiallyLoaded:1 Bounds:IsValid=true, Min=(X=0.000 Y=4130.000 Z=-50.000), Max=(X=3475.000 Y=5305.000 Z=0.000) RuntimeGrid:None EditorOnly:0 RuntimeOnly:0 HLODRelevant:1 ListedInSceneOutliner:1 IsMainWorldOnly:0 FolderPath:Playground FolderGuid:8CD33C9A4E75AD59B95486AC740693D6
 |   |   |- Guid:CB21D0B84C641517C96E40A79EA58867 BaseClass: NativeClass:/Script/Engine.StaticMeshActor Name:StaticMeshActor_UAID_04BF1B79D76EB91A02_1683027521 Label:SM_Cube9 SpatiallyLoaded:1 Bounds:IsValid=true, Min=(X=2600.000 Y=660.000 Z=275.000), Max=(X=2900.000 Y=1860.000 Z=300.000) RuntimeGrid:None EditorOnly:0 RuntimeOnly:0 HLODRelevant:1 ListedInSceneOutliner:1 IsMainWorldOnly:0 FolderPath:Block02 FolderGuid:5DDF0B274F9C8B2C5DABA1999B167516
 |   |   |- Guid:CC3022614F9E20D4B8D8B88D4FAF7DF8 BaseClass: NativeClass:/Script/Engine.DirectionalLight Name:DirectionalLight_1 Label:DirectionalLight SpatiallyLoaded:0 Bounds:Invalid RuntimeGrid:None EditorOnly:0 RuntimeOnly:0 HLODRelevant:0 ListedInSceneOutliner:1 IsMainWorldOnly:0 FolderPath:Lighting FolderGuid:08A10B054C95868C663DE39EE4343813
 |   |   |- Guid:D9D4F66B4F2AAE55957763BFB9DFE311 BaseClass: NativeClass:/Script/Engine.StaticMeshActor Name:StaticMeshActor_UAID_04BF1B79D76EB91A02_1521214513 Label:Cube3 SpatiallyLoaded:1 Bounds:IsValid=true, Min=(X=1000.000 Y=1590.000 Z=-10.000), Max=(X=1100.000 Y=1690.000 Z=90.000) RuntimeGrid:None EditorOnly:0 RuntimeOnly:0 HLODRelevant:1 ListedInSceneOutliner:1 IsMainWorldOnly:0
 |   |   |- Guid:DBD09FC74721E6A2234B7192F0A90413 BaseClass: NativeClass:/Script/Engine.StaticMeshActor Name:StaticMeshActor_UAID_04BF1B79D76EB91A02_1688074522 Label:SM_Ramp4 SpatiallyLoaded:1 Bounds:IsValid=true, Min=(X=2200.000 Y=1500.000 Z=200.000), Max=(X=2600.000 Y=1700.000 Z=300.000) RuntimeGrid:None EditorOnly:0 RuntimeOnly:0 HLODRelevant:1 ListedInSceneOutliner:1 IsMainWorldOnly:0 FolderPath:Block01 FolderGuid:98087B8444A89373CC4763B3845E270A
 |   |   |- Guid:E24D23F64A640B2F5788FC838B764806 BaseClass: NativeClass:/Script/Engine.StaticMeshActor Name:StaticMeshActor_UAID_04BF1B79D76EB91A02_1864727523 Label:SM_Cube10 SpatiallyLoaded:1 Bounds:IsValid=true, Min=(X=1610.000 Y=-65.000 Z=275.000), Max=(X=3210.000 Y=660.000 Z=300.000) RuntimeGrid:None EditorOnly:0 RuntimeOnly:0 HLODRelevant:1 ListedInSceneOutliner:1 IsMainWorldOnly:0 FolderPath:Block02 FolderGuid:5DDF0B274F9C8B2C5DABA1999B167516
 |   |   |- Guid:E340DB3D46A35863945EFAB34DA14E16 BaseClass:/Game/Blueprints/PlayerUnit.PlayerUnit_C NativeClass:/Script/Engine.Character Name:PlayerUnit_C_UAID_04BF1B79D76EBF1A02_1940571570 Label:PlayerUnit3 SpatiallyLoaded:1 Bounds:IsValid=true, Min=(X=546.000 Y=1866.000 Z=150.000), Max=(X=614.000 Y=1934.000 Z=343.000) RuntimeGrid:None EditorOnly:0 RuntimeOnly:0 HLODRelevant:0 ListedInSceneOutliner:1 IsMainWorldOnly:0
 |   |   |- Guid:FBB7D2C1485D252D36747DAF411EB700 BaseClass: NativeClass:/Script/Engine.StaticMeshActor Name:StaticMeshActor_44 Label:SM_Cube7 SpatiallyLoaded:1 Bounds:IsValid=true, Min=(X=1300.000 Y=2200.000 Z=0.000), Max=(X=1500.000 Y=2300.000 Z=200.000) RuntimeGrid:None EditorOnly:0 RuntimeOnly:0 HLODRelevant:1 ListedInSceneOutliner:1 IsMainWorldOnly:0 FolderPath:Block01 FolderGuid:98087B8444A89373CC4763B3845E270A
 |   |- [+] Clusters:
 |   |   |- [+] [  0]
 |   |   |   |- Guid:07BF401A404344C6DEB0F9B7BCF7F7DA BaseClass: NativeClass:/Script/Engine.VolumetricCloud Name:VolumetricCloud_1 Label:VolumetricCloud SpatiallyLoaded:0 Bounds:IsValid=true, Min=(X=0.000 Y=0.000 Z=820.000), Max=(X=0.000 Y=0.000 Z=820.000) RuntimeGrid:None EditorOnly:0 RuntimeOnly:0 HLODRelevant:0 ListedInSceneOutliner:1 IsMainWorldOnly:0 FolderPath:Lighting FolderGuid:08A10B054C95868C663DE39EE4343813
 |   |   |- [+] [  1]
 |   |   |   |- Guid:10121E4942DD6F4387392887C7C9CDCB BaseClass: NativeClass:/Script/Engine.StaticMeshActor Name:StaticMeshActor_UAID_04BF1B79D76EB91A02_1532482515 Label:Cube5 SpatiallyLoaded:1 Bounds:IsValid=true, Min=(X=750.000 Y=1220.000 Z=-10.000), Max=(X=850.000 Y=1320.000 Z=90.000) RuntimeGrid:None EditorOnly:0 RuntimeOnly:0 HLODRelevant:1 ListedInSceneOutliner:1 IsMainWorldOnly:0
 |   |   |- [+] [  2]
 |   |   |   |- Guid:10B68FE04B38EE810F3389A3D86A1754 BaseClass: NativeClass:/Script/Engine.StaticMeshActor Name:StaticMeshActor_58 Label:SM_QuarterCylinder11 SpatiallyLoaded:1 Bounds:IsValid=true, Min=(X=2030.000 Y=1570.000 Z=0.000), Max=(X=2230.000 Y=1770.000 Z=100.000) RuntimeGrid:None EditorOnly:0 RuntimeOnly:0 HLODRelevant:1 ListedInSceneOutliner:1 IsMainWorldOnly:0 FolderPath:Cylinder FolderGuid:ECA4956E419DA4E5BAB7F389537BCB14
 |   |   |- [+] [  3]
 |   |   |   |- Guid:1A0F8F674421B202BDA9838CB04CBA87 BaseClass: NativeClass:/Script/NavigationSystem.RecastNavMesh Name:RecastNavMesh_UAID_04BF1B79D76EB91A02-Default Label:RecastNavMesh-Default SpatiallyLoaded:0 Bounds:IsValid=true, Min=(X=0.000 Y=0.000 Z=0.000), Max=(X=0.000 Y=0.000 Z=0.000) RuntimeGrid:None EditorOnly:0 RuntimeOnly:0 HLODRelevant:0 ListedInSceneOutliner:1 IsMainWorldOnly:0
 |   |   |- [+] [  4]
 |   |   |   |- Guid:3812A9D1473CAA0FB50603887A024C81 BaseClass: NativeClass:/Script/Engine.StaticMeshActor Name:StaticMeshActor_40 Label:SM_ChamferCube2 SpatiallyLoaded:1 Bounds:IsValid=true, Min=(X=992.077 Y=2692.077 Z=0.013), Max=(X=1107.923 Y=2807.923 Z=100.013) RuntimeGrid:None EditorOnly:0 RuntimeOnly:0 HLODRelevant:0 ListedInSceneOutliner:1 IsMainWorldOnly:0
 |   |   |- [+] [  5]
 |   |   |   |- Guid:3962B3FE47292C12645BBEAA1C4EFCB0 BaseClass: NativeClass:/Script/Engine.StaticMeshActor Name:StaticMeshActor_54 Label:SM_QuarterCylinder4 SpatiallyLoaded:1 Bounds:IsValid=true, Min=(X=300.000 Y=2600.000 Z=0.000), Max=(X=400.000 Y=2700.000 Z=200.000) RuntimeGrid:None EditorOnly:0 RuntimeOnly:0 HLODRelevant:1 ListedInSceneOutliner:1 IsMainWorldOnly:0 FolderPath:Block03 FolderGuid:8CD3949449A9ED1D3F209CA69A64B60F
 |   |   |- [+] [  6]
 |   |   |   |- Guid:42E0657041CF1F5084553C94CD9DD047 BaseClass: NativeClass:/Script/Engine.SkyAtmosphere Name:SkyAtmosphere_1 Label:SkyAtmosphere SpatiallyLoaded:0 Bounds:IsValid=true, Min=(X=0.000 Y=0.000 Z=1020.000), Max=(X=0.000 Y=0.000 Z=1020.000) RuntimeGrid:None EditorOnly:0 RuntimeOnly:0 HLODRelevant:0 ListedInSceneOutliner:1 IsMainWorldOnly:0 FolderPath:Lighting FolderGuid:08A10B054C95868C663DE39EE4343813
 |   |   |- [+] [  7]
 |   |   |   |- Guid:44A403EA4EA8355C06304787EFDD6C41 BaseClass: NativeClass:/Script/Engine.StaticMeshActor Name:StaticMeshActor_61 Label:SM_QuarterCylinder14 SpatiallyLoaded:1 Bounds:IsValid=true, Min=(X=2030.000 Y=1370.000 Z=0.000), Max=(X=2230.000 Y=1570.000 Z=100.000) RuntimeGrid:None EditorOnly:0 RuntimeOnly:0 HLODRelevant:1 ListedInSceneOutliner:1 IsMainWorldOnly:0 FolderPath:Cylinder FolderGuid:ECA4956E419DA4E5BAB7F389537BCB14
 |   |   |- [+] [  8]
 |   |   |   |- Guid:553760364E1109996F9495AC8C2AF827 BaseClass: NativeClass:/Script/Engine.StaticMeshActor Name:StaticMeshActor_UAID_04BF1B79D76EB91A02_1513750511 Label:Cube SpatiallyLoaded:1 Bounds:IsValid=true, Min=(X=780.000 Y=2090.000 Z=-10.000), Max=(X=880.000 Y=2190.000 Z=90.000) RuntimeGrid:None EditorOnly:0 RuntimeOnly:0 HLODRelevant:1 ListedInSceneOutliner:1 IsMainWorldOnly:0
 |   |   |- [+] [  9]
 |   |   |   |- Guid:57711B624469BF5C0C772ABD06146495 BaseClass: NativeClass:/Script/Engine.PostProcessVolume Name:PostProcessVolume_0 Label:PostProcessVolume SpatiallyLoaded:0 Bounds:IsValid=true, Min=(X=0.000 Y=0.000 Z=400.000), Max=(X=200.000 Y=200.000 Z=600.000) RuntimeGrid:None EditorOnly:0 RuntimeOnly:0 HLODRelevant:0 ListedInSceneOutliner:1 IsMainWorldOnly:0 FolderPath:Lighting FolderGuid:08A10B054C95868C663DE39EE4343813
 |   |   |- [+] [ 10]
 |   |   |   |- Guid:5C2F7A9C46EB9366F396FBA47B987067 BaseClass: NativeClass:/Script/Engine.StaticMeshActor Name:StaticMeshActor_UAID_A4AE111137DC5EFB00_1594956423 Label:SM_SkySphere SpatiallyLoaded:0 Bounds:IsValid=true, Min=(X=-1638400.000 Y=-1638400.000 Z=-1638400.000), Max=(X=1638400.000 Y=1638400.000 Z=1638400.000) RuntimeGrid:None EditorOnly:0 RuntimeOnly:0 HLODRelevant:0 ListedInSceneOutliner:1 IsMainWorldOnly:0 FolderPath:Lighting FolderGuid:08A10B054C95868C663DE39EE4343813
 |   |   |- [+] [ 11]
 |   |   |   |- Guid:5CAEDC884A19415E336967AF2F90CD4D BaseClass: NativeClass:/Script/Engine.StaticMeshActor Name:StaticMeshActor_60 Label:SM_QuarterCylinder13 SpatiallyLoaded:1 Bounds:IsValid=true, Min=(X=1830.000 Y=1370.000 Z=0.000), Max=(X=2030.000 Y=1570.000 Z=100.000) RuntimeGrid:None EditorOnly:0 RuntimeOnly:0 HLODRelevant:1 ListedInSceneOutliner:1 IsMainWorldOnly:0 FolderPath:Cylinder FolderGuid:ECA4956E419DA4E5BAB7F389537BCB14
 |   |   |- [+] [ 12]
 |   |   |   |- Guid:5DEECD1F49078E0CB45EBDBDCE22AA63 BaseClass: NativeClass:/Script/NavigationSystem.NavMeshBoundsVolume Name:NavMeshBoundsVolume_UAID_04BF1B79D76EB91A02_1587313518 Label:NavMeshBoundsVolume SpatiallyLoaded:0 Bounds:IsValid=true, Min=(X=-20321.818 Y=-18555.943 Z=-6182.972), Max=(X=23141.818 Y=22175.943 Z=6802.972) RuntimeGrid:None EditorOnly:0 RuntimeOnly:0 HLODRelevant:0 ListedInSceneOutliner:1 IsMainWorldOnly:0
 |   |   |- [+] [ 13]
 |   |   |   |- Guid:604F943F4CE6E149C2C695A2821829E0 BaseClass: NativeClass:/Script/Engine.StaticMeshActor Name:StaticMeshActor_UAID_04BF1B79D76EB91A02_1518411512 Label:Cube2 SpatiallyLoaded:1 Bounds:IsValid=true, Min=(X=480.000 Y=1590.000 Z=-10.000), Max=(X=580.000 Y=1690.000 Z=90.000) RuntimeGrid:None EditorOnly:0 RuntimeOnly:0 HLODRelevant:1 ListedInSceneOutliner:1 IsMainWorldOnly:0
 |   |   |- [+] [ 14]
 |   |   |   |- Guid:62ADE4D24CE18F5792688FB2C8E5C24F BaseClass:/Game/Blueprints/PlayerUnit.PlayerUnit_C NativeClass:/Script/Engine.Character Name:PlayerUnit_C_UAID_04BF1B79D76EBF1A02_1932842568 Label:PlayerUnit SpatiallyLoaded:1 Bounds:IsValid=true, Min=(X=766.000 Y=1866.000 Z=150.000), Max=(X=834.000 Y=1934.000 Z=343.000) RuntimeGrid:None EditorOnly:0 RuntimeOnly:0 HLODRelevant:0 ListedInSceneOutliner:1 IsMainWorldOnly:0
 |   |   |- [+] [ 15]
 |   |   |   |- Guid:6613ACB8466F7109C315A0AF729954E5 BaseClass:/Game/Blueprints/RotatingPlatform.RotatingPlatform_C NativeClass:/Script/Engine.Actor Name:RotatingPlatform_C_UAID_04BF1B79D76EC41A02_1670611447 Label:RotatingPlatform SpatiallyLoaded:1 Bounds:IsValid=true, Min=(X=590.000 Y=147.500 Z=77.500), Max=(X=690.000 Y=972.500 Z=102.500) RuntimeGrid:None EditorOnly:0 RuntimeOnly:0 HLODRelevant:0 ListedInSceneOutliner:1 IsMainWorldOnly:0
 |   |   |- [+] [ 16]
 |   |   |   |- Guid:68D70A2245EB1F7F1FE085BECDE90044 BaseClass:/Game/Blueprints/PlayerUnit.PlayerUnit_C NativeClass:/Script/Engine.Character Name:PlayerUnit_C_UAID_04BF1B79D76EBF1A02_1939011569 Label:PlayerUnit2 SpatiallyLoaded:1 Bounds:IsValid=true, Min=(X=416.000 Y=1866.000 Z=30.000), Max=(X=484.000 Y=1934.000 Z=223.000) RuntimeGrid:None EditorOnly:0 RuntimeOnly:0 HLODRelevant:0 ListedInSceneOutliner:1 IsMainWorldOnly:0
 |   |   |- [+] [ 17]
 |   |   |   |- Guid:6B17FBB94A1CFD9519C633B936B164EB BaseClass: NativeClass:/Script/Engine.StaticMeshActor Name:StaticMeshActor_45 Label:SM_Cube8 SpatiallyLoaded:1 Bounds:IsValid=true, Min=(X=1300.000 Y=2600.000 Z=0.000), Max=(X=2500.000 Y=2900.000 Z=125.000) RuntimeGrid:None EditorOnly:0 RuntimeOnly:0 HLODRelevant:1 ListedInSceneOutliner:1 IsMainWorldOnly:0 FolderPath:Block02 FolderGuid:5DDF0B274F9C8B2C5DABA1999B167516
 |   |   |- [+] [ 18]
 |   |   |   |- Guid:6EFF927540E0CDCCBA368AB1388B1219 BaseClass: NativeClass:/Script/Engine.StaticMeshActor Name:StaticMeshActor_UAID_04BF1B79D76EB91A02_1533887516 Label:Cube6 SpatiallyLoaded:1 Bounds:IsValid=true, Min=(X=950.000 Y=940.000 Z=-10.000), Max=(X=1050.000 Y=1040.000 Z=90.000) RuntimeGrid:None EditorOnly:0 RuntimeOnly:0 HLODRelevant:1 ListedInSceneOutliner:1 IsMainWorldOnly:0
 |   |   |- [+] [ 19]
 |   |   |   |- Guid:72A8B54D44BDCA73DD8DF084EEF7D72D BaseClass: NativeClass:/Script/Engine.StaticMeshActor Name:StaticMeshActor_53 Label:SM_QuarterCylinder3 SpatiallyLoaded:1 Bounds:IsValid=true, Min=(X=1500.000 Y=2200.000 Z=0.000), Max=(X=1600.000 Y=2300.000 Z=200.000) RuntimeGrid:None EditorOnly:0 RuntimeOnly:0 HLODRelevant:1 ListedInSceneOutliner:1 IsMainWorldOnly:0 FolderPath:Block01 FolderGuid:98087B8444A89373CC4763B3845E270A
 |   |   |- [+] [ 20]
 |   |   |   |- Guid:782B896F433BE00FB76B81A09FCC83FB BaseClass: NativeClass:/Script/Engine.StaticMeshActor Name:StaticMeshActor_41 Label:SM_ChamferCube3 SpatiallyLoaded:1 Bounds:IsValid=true, Min=(X=1471.699 Y=1551.699 Z=40.013), Max=(X=1608.301 Y=1688.301 Z=140.013) RuntimeGrid:None EditorOnly:0 RuntimeOnly:0 HLODRelevant:0 ListedInSceneOutliner:1 IsMainWorldOnly:0
 |   |   |- [+] [ 21]
 |   |   |   |- Guid:7DF530964A3B7AC9ECF8E6815D0E3C7D BaseClass: NativeClass:/Script/Engine.StaticMeshActor Name:StaticMeshActor_UAID_04BF1B79D76EB91A02_1547652517 Label:Cube7 SpatiallyLoaded:1 Bounds:IsValid=true, Min=(X=660.000 Y=1680.000 Z=-10.000), Max=(X=760.000 Y=1780.000 Z=90.000) RuntimeGrid:None EditorOnly:0 RuntimeOnly:0 HLODRelevant:1 ListedInSceneOutliner:1 IsMainWorldOnly:0
 |   |   |- [+] [ 22]
 |   |   |   |- Guid:81206EDA4A21E560E54ED8BE43F635F6 BaseClass: NativeClass:/Script/Engine.StaticMeshActor Name:StaticMeshActor_57 Label:SM_QuarterCylinder6 SpatiallyLoaded:1 Bounds:IsValid=true, Min=(X=1200.000 Y=2200.000 Z=0.000), Max=(X=1300.000 Y=2300.000 Z=200.000) RuntimeGrid:None EditorOnly:0 RuntimeOnly:0 HLODRelevant:1 ListedInSceneOutliner:1 IsMainWorldOnly:0 FolderPath:Block01 FolderGuid:98087B8444A89373CC4763B3845E270A
 |   |   |- [+] [ 23]
 |   |   |   |- Guid:8D9EF0AC4BE754EDA97DAE97E1657163 BaseClass: NativeClass:/Script/Engine.WorldDataLayers Name:WorldDataLayers Label:WorldDataLayers-1 SpatiallyLoaded:0 Bounds:Invalid RuntimeGrid:None EditorOnly:0 RuntimeOnly:0 HLODRelevant:0 ListedInSceneOutliner:1 IsMainWorldOnly:1
 |   |   |- [+] [ 24]
 |   |   |   |- Guid:8FDCA7884119591B55FE92AA464525E4 BaseClass: NativeClass:/Script/AIModule.NavLinkProxy Name:NavLinkProxy_UAID_04BF1B79D76E121B02_1506969180 Label:NavLinkProxy SpatiallyLoaded:1 Bounds:IsValid=true, Min=(X=1540.000 Y=4900.000 Z=50.000), Max=(X=1540.000 Y=4900.000 Z=50.000) RuntimeGrid:None EditorOnly:0 RuntimeOnly:0 HLODRelevant:0 ListedInSceneOutliner:1 IsMainWorldOnly:0
 |   |   |- [+] [ 25]
 |   |   |   |- Guid:92B7CA674AAE13C31EB5F2B127E72294 BaseClass: NativeClass:/Script/Engine.StaticMeshActor Name:StaticMeshActor_39 Label:SM_Ramp2 SpatiallyLoaded:1 Bounds:IsValid=true, Min=(X=1400.000 Y=1500.000 Z=0.000), Max=(X=1800.000 Y=1700.000 Z=100.000) RuntimeGrid:None EditorOnly:0 RuntimeOnly:0 HLODRelevant:1 ListedInSceneOutliner:1 IsMainWorldOnly:0 FolderPath:Block01 FolderGuid:98087B8444A89373CC4763B3845E270A
 |   |   |- [+] [ 26]
 |   |   |   |- Guid:9D3691904A8EFDF7DA32DCA7135145CA BaseClass: NativeClass:/Script/Engine.StaticMeshActor Name:StaticMeshActor_UAID_04BF1B79D76EB91A02_1651574520 Label:SM_Ramp3 SpatiallyLoaded:1 Bounds:IsValid=true, Min=(X=1800.000 Y=1500.000 Z=100.000), Max=(X=2200.000 Y=1700.000 Z=200.000) RuntimeGrid:None EditorOnly:0 RuntimeOnly:0 HLODRelevant:1 ListedInSceneOutliner:1 IsMainWorldOnly:0 FolderPath:Block01 FolderGuid:98087B8444A89373CC4763B3845E270A
 |   |   |- [+] [ 27]
 |   |   |   |- Guid:A70C474C450C6D1B2D8E8FBEA8DDFAB7 BaseClass: NativeClass:/Script/Engine.SkyLight Name:SkyLight_0 Label:SkyLight SpatiallyLoaded:0 Bounds:IsValid=true, Min=(X=0.000 Y=0.000 Z=690.000), Max=(X=0.000 Y=0.000 Z=690.000) RuntimeGrid:None EditorOnly:0 RuntimeOnly:0 HLODRelevant:0 ListedInSceneOutliner:1 IsMainWorldOnly:0 FolderPath:Lighting FolderGuid:08A10B054C95868C663DE39EE4343813
 |   |   |- [+] [ 28]
 |   |   |   |- Guid:AB278F574CA7965D4DC5BABC1B617FE5 BaseClass: NativeClass:/Script/Engine.StaticMeshActor Name:StaticMeshActor_34 Label:SM_ChamferCube SpatiallyLoaded:1 Bounds:IsValid=true, Min=(X=1100.000 Y=2000.000 Z=0.013), Max=(X=1200.000 Y=2100.000 Z=100.013) RuntimeGrid:None EditorOnly:0 RuntimeOnly:0 HLODRelevant:0 ListedInSceneOutliner:1 IsMainWorldOnly:0
 |   |   |- [+] [ 29]
 |   |   |   |- Guid:ABC4614041B54DF74DC62DA5F2E60C81 BaseClass: NativeClass:/Script/Engine.StaticMeshActor Name:StaticMeshActor_UAID_04BF1B79D76E121B02_1167827177 Label:SM_Cube11 SpatiallyLoaded:1 Bounds:IsValid=true, Min=(X=1630.000 Y=4120.000 Z=0.000), Max=(X=1930.000 Y=5320.000 Z=125.000) RuntimeGrid:None EditorOnly:0 RuntimeOnly:0 HLODRelevant:1 ListedInSceneOutliner:1 IsMainWorldOnly:0 FolderPath:Block02 FolderGuid:5DDF0B274F9C8B2C5DABA1999B167516
 |   |   |- [+] [ 30]
 |   |   |   |- Guid:B03D91CE450AA19A56D666B3D98D8DC7 BaseClass: NativeClass:/Script/Engine.StaticMeshActor Name:StaticMeshActor_UAID_04BF1B79D76EBD1A02_1488731215 Label:Cube8 SpatiallyLoaded:1 Bounds:IsValid=true, Min=(X=940.000 Y=1110.000 Z=-10.000), Max=(X=1040.000 Y=1210.000 Z=90.000) RuntimeGrid:None EditorOnly:0 RuntimeOnly:0 HLODRelevant:1 ListedInSceneOutliner:1 IsMainWorldOnly:0
 |   |   |- [+] [ 31]
 |   |   |   |- Guid:B081BBA246292099E8AD85A524145554 BaseClass: NativeClass:/Script/Engine.StaticMeshActor Name:StaticMeshActor_35 Label:SM_Ramp SpatiallyLoaded:1 Bounds:IsValid=true, Min=(X=1300.000 Y=600.000 Z=0.000), Max=(X=1700.000 Y=800.000 Z=30.000) RuntimeGrid:None EditorOnly:0 RuntimeOnly:0 HLODRelevant:1 ListedInSceneOutliner:1 IsMainWorldOnly:0
 |   |   |- [+] [ 32]
 |   |   |   |- Guid:B899A7144F1CE45945E423A093CA20B1 BaseClass: NativeClass:/Script/Engine.StaticMeshActor Name:StaticMeshActor_UAID_04BF1B79D76EB91A02_1530875514 Label:Cube4 SpatiallyLoaded:1 Bounds:IsValid=true, Min=(X=455.000 Y=1245.000 Z=-10.000), Max=(X=605.000 Y=1395.000 Z=90.000) RuntimeGrid:None EditorOnly:0 RuntimeOnly:0 HLODRelevant:1 ListedInSceneOutliner:1 IsMainWorldOnly:0
 |   |   |- [+] [ 33]
 |   |   |   |- Guid:BBD553D745D330F5FEE59EA8DE0A95DF BaseClass: NativeClass:/Script/Engine.StaticMeshActor Name:StaticMeshActor_59 Label:SM_QuarterCylinder12 SpatiallyLoaded:1 Bounds:IsValid=true, Min=(X=1830.000 Y=1570.000 Z=0.000), Max=(X=2030.000 Y=1770.000 Z=100.000) RuntimeGrid:None EditorOnly:0 RuntimeOnly:0 HLODRelevant:1 ListedInSceneOutliner:1 IsMainWorldOnly:0 FolderPath:Cylinder FolderGuid:ECA4956E419DA4E5BAB7F389537BCB14
 |   |   |- [+] [ 34]
 |   |   |   |- Guid:BCE82327407A022C17A9FF8161E83385 BaseClass:/Game/Blueprints/PlayerUnit.PlayerUnit_C NativeClass:/Script/Engine.Character Name:PlayerUnit_C_UAID_04BF1B79D76E121B02_1205394179 Label:PlayerUnit4 SpatiallyLoaded:1 Bounds:IsValid=true, Min=(X=306.000 Y=4656.000 Z=100.000), Max=(X=374.000 Y=4724.000 Z=293.000) RuntimeGrid:None EditorOnly:0 RuntimeOnly:0 HLODRelevant:0 ListedInSceneOutliner:1 IsMainWorldOnly:0
 |   |   |- [+] [ 35]
 |   |   |   |- Guid:C07C689F476A69A26EF8CB9DE0A6BD69 BaseClass: NativeClass:/Script/Engine.ExponentialHeightFog Name:ExponentialHeightFog_1 Label:ExponentialHeightFog SpatiallyLoaded:0 Bounds:IsValid=true, Min=(X=-5600.000 Y=-50.000 Z=-6850.000), Max=(X=-5600.000 Y=-50.000 Z=-6850.000) RuntimeGrid:None EditorOnly:0 RuntimeOnly:0 HLODRelevant:0 ListedInSceneOutliner:1 IsMainWorldOnly:0 FolderPath:Lighting FolderGuid:08A10B054C95868C663DE39EE4343813
 |   |   |- [+] [ 36]
 |   |   |   |- Guid:C32F7D93454EA4DD3237FF852C16DCF1 BaseClass: NativeClass:/Script/Engine.StaticMeshActor Name:StaticMeshActor_33 Label:SM_Cube SpatiallyLoaded:1 Bounds:IsValid=true, Min=(X=0.000 Y=0.000 Z=-50.000), Max=(X=3525.000 Y=3500.000 Z=0.000) RuntimeGrid:None EditorOnly:0 RuntimeOnly:0 HLODRelevant:1 ListedInSceneOutliner:1 IsMainWorldOnly:0 FolderPath:Playground FolderGuid:8CD33C9A4E75AD59B95486AC740693D6
 |   |   |- [+] [ 37]
 |   |   |   |- Guid:C53FD2B74552C189361A7ABD2F8618C7 BaseClass: NativeClass:/Script/Engine.StaticMeshActor Name:StaticMeshActor_55 Label:SM_QuarterCylinder5 SpatiallyLoaded:1 Bounds:IsValid=true, Min=(X=300.000 Y=2800.000 Z=0.000), Max=(X=400.000 Y=2900.000 Z=200.000) RuntimeGrid:None EditorOnly:0 RuntimeOnly:0 HLODRelevant:1 ListedInSceneOutliner:1 IsMainWorldOnly:0 FolderPath:Block03 FolderGuid:8CD3949449A9ED1D3F209CA69A64B60F
 |   |   |- [+] [ 38]
 |   |   |   |- Guid:C672224D47892CCF04D0289DF9D06006 BaseClass: NativeClass:/Script/Engine.StaticMeshActor Name:StaticMeshActor_UAID_04BF1B79D76E121B02_1123060175 Label:SM_Cube2 SpatiallyLoaded:1 Bounds:IsValid=true, Min=(X=0.000 Y=4130.000 Z=-50.000), Max=(X=3475.000 Y=5305.000 Z=0.000) RuntimeGrid:None EditorOnly:0 RuntimeOnly:0 HLODRelevant:1 ListedInSceneOutliner:1 IsMainWorldOnly:0 FolderPath:Playground FolderGuid:8CD33C9A4E75AD59B95486AC740693D6
 |   |   |- [+] [ 39]
 |   |   |   |- Guid:CB21D0B84C641517C96E40A79EA58867 BaseClass: NativeClass:/Script/Engine.StaticMeshActor Name:StaticMeshActor_UAID_04BF1B79D76EB91A02_1683027521 Label:SM_Cube9 SpatiallyLoaded:1 Bounds:IsValid=true, Min=(X=2600.000 Y=660.000 Z=275.000), Max=(X=2900.000 Y=1860.000 Z=300.000) RuntimeGrid:None EditorOnly:0 RuntimeOnly:0 HLODRelevant:1 ListedInSceneOutliner:1 IsMainWorldOnly:0 FolderPath:Block02 FolderGuid:5DDF0B274F9C8B2C5DABA1999B167516
 |   |   |- [+] [ 40]
 |   |   |   |- Guid:CC3022614F9E20D4B8D8B88D4FAF7DF8 BaseClass: NativeClass:/Script/Engine.DirectionalLight Name:DirectionalLight_1 Label:DirectionalLight SpatiallyLoaded:0 Bounds:Invalid RuntimeGrid:None EditorOnly:0 RuntimeOnly:0 HLODRelevant:0 ListedInSceneOutliner:1 IsMainWorldOnly:0 FolderPath:Lighting FolderGuid:08A10B054C95868C663DE39EE4343813
 |   |   |- [+] [ 41]
 |   |   |   |- Guid:D9D4F66B4F2AAE55957763BFB9DFE311 BaseClass: NativeClass:/Script/Engine.StaticMeshActor Name:StaticMeshActor_UAID_04BF1B79D76EB91A02_1521214513 Label:Cube3 SpatiallyLoaded:1 Bounds:IsValid=true, Min=(X=1000.000 Y=1590.000 Z=-10.000), Max=(X=1100.000 Y=1690.000 Z=90.000) RuntimeGrid:None EditorOnly:0 RuntimeOnly:0 HLODRelevant:1 ListedInSceneOutliner:1 IsMainWorldOnly:0
 |   |   |- [+] [ 42]
 |   |   |   |- Guid:DBD09FC74721E6A2234B7192F0A90413 BaseClass: NativeClass:/Script/Engine.StaticMeshActor Name:StaticMeshActor_UAID_04BF1B79D76EB91A02_1688074522 Label:SM_Ramp4 SpatiallyLoaded:1 Bounds:IsValid=true, Min=(X=2200.000 Y=1500.000 Z=200.000), Max=(X=2600.000 Y=1700.000 Z=300.000) RuntimeGrid:None EditorOnly:0 RuntimeOnly:0 HLODRelevant:1 ListedInSceneOutliner:1 IsMainWorldOnly:0 FolderPath:Block01 FolderGuid:98087B8444A89373CC4763B3845E270A
 |   |   |- [+] [ 43]
 |   |   |   |- Guid:E24D23F64A640B2F5788FC838B764806 BaseClass: NativeClass:/Script/Engine.StaticMeshActor Name:StaticMeshActor_UAID_04BF1B79D76EB91A02_1864727523 Label:SM_Cube10 SpatiallyLoaded:1 Bounds:IsValid=true, Min=(X=1610.000 Y=-65.000 Z=275.000), Max=(X=3210.000 Y=660.000 Z=300.000) RuntimeGrid:None EditorOnly:0 RuntimeOnly:0 HLODRelevant:1 ListedInSceneOutliner:1 IsMainWorldOnly:0 FolderPath:Block02 FolderGuid:5DDF0B274F9C8B2C5DABA1999B167516
 |   |   |- [+] [ 44]
 |   |   |   |- Guid:E340DB3D46A35863945EFAB34DA14E16 BaseClass:/Game/Blueprints/PlayerUnit.PlayerUnit_C NativeClass:/Script/Engine.Character Name:PlayerUnit_C_UAID_04BF1B79D76EBF1A02_1940571570 Label:PlayerUnit3 SpatiallyLoaded:1 Bounds:IsValid=true, Min=(X=546.000 Y=1866.000 Z=150.000), Max=(X=614.000 Y=1934.000 Z=343.000) RuntimeGrid:None EditorOnly:0 RuntimeOnly:0 HLODRelevant:0 ListedInSceneOutliner:1 IsMainWorldOnly:0
 |   |   |- [+] [ 45]
 |   |   |   |- Guid:FBB7D2C1485D252D36747DAF411EB700 BaseClass: NativeClass:/Script/Engine.StaticMeshActor Name:StaticMeshActor_44 Label:SM_Cube7 SpatiallyLoaded:1 Bounds:IsValid=true, Min=(X=1300.000 Y=2200.000 Z=0.000), Max=(X=1500.000 Y=2300.000 Z=200.000) RuntimeGrid:None EditorOnly:0 RuntimeOnly:0 HLODRelevant:1 ListedInSceneOutliner:1 IsMainWorldOnly:0 FolderPath:Block01 FolderGuid:98087B8444A89373CC4763B3845E270A
 |- ContainerInstances:
 |- [+] MainContainer:
 |   |-        ID: 00000000000000000000000000000000
 |   |-  ParentID: 00000000000000000000000000000000
 |   |-    Bounds: IsValid=false, Min=(X=0.000 Y=0.000 Z=0.000), Max=(X=0.000 Y=0.000 Z=0.000)
 |   |- Transform: 0.000000,0.000000,0.000000|0.000000,0.000000,-0.000000|1.000000,1.000000,1.000000
 |   |- Container: /Game/Blueprints/NavMesh_Prototype
----------------------------------------------------------------------------------------------------------------
NavMesh_Prototype - Persistent Level
----------------------------------------------------------------------------------------------------------------
[+] Content of NavMesh_Prototype Persistent Level
 |- Always loaded Actor Count: 46 
 |- Actor Path: /Game/Blueprints/NavMesh_Prototype.NavMesh_Prototype:PersistentLevel.DirectionalLight_1
 |- Actor Package: /Game/__ExternalActors__/Blueprints/NavMesh_Prototype/C/ZR/XVAL096M9ZZJV07KFBE5YU
 |- Actor Path: /Game/Blueprints/NavMesh_Prototype.NavMesh_Prototype:PersistentLevel.ExponentialHeightFog_1
 |- Actor Package: /Game/__ExternalActors__/Blueprints/NavMesh_Prototype/3/O4/C3QLUZGYLZSK5IRSTCWLRE
 |- Actor Path: /Game/Blueprints/NavMesh_Prototype.NavMesh_Prototype:PersistentLevel.NavLinkProxy_UAID_04BF1B79D76E121B02_1506969180
 |- Actor Package: /Game/__ExternalActors__/Blueprints/NavMesh_Prototype/C/60/A5DJO7WSYAEE7YU3CIQ3CH
 |- Actor Path: /Game/Blueprints/NavMesh_Prototype.NavMesh_Prototype:PersistentLevel.NavMeshBoundsVolume_UAID_04BF1B79D76EB91A02_1587313518
 |- Actor Package: /Game/__ExternalActors__/Blueprints/NavMesh_Prototype/6/4G/V9HB9MLMOG0ZK7WP1ZV1KT
 |- Actor Path: /Game/Blueprints/NavMesh_Prototype.NavMesh_Prototype:PersistentLevel.PlayerUnit_C_UAID_04BF1B79D76E121B02_1205394179
 |- Actor Package: /Game/__ExternalActors__/Blueprints/NavMesh_Prototype/2/YR/RZ0FJ3CFKKRK39LOP6VQYQ
 |- Actor Path: /Game/Blueprints/NavMesh_Prototype.NavMesh_Prototype:PersistentLevel.PlayerUnit_C_UAID_04BF1B79D76EBF1A02_1932842568
 |- Actor Package: /Game/__ExternalActors__/Blueprints/NavMesh_Prototype/7/SR/5X9IINYZ9YNIEDFWUIMTL8
 |- Actor Path: /Game/Blueprints/NavMesh_Prototype.NavMesh_Prototype:PersistentLevel.PlayerUnit_C_UAID_04BF1B79D76EBF1A02_1939011569
 |- Actor Package: /Game/__ExternalActors__/Blueprints/NavMesh_Prototype/5/UT/10KWKFOBQDJ3S8LTG9OG9M
 |- Actor Path: /Game/Blueprints/NavMesh_Prototype.NavMesh_Prototype:PersistentLevel.PlayerUnit_C_UAID_04BF1B79D76EBF1A02_1940571570
 |- Actor Package: /Game/__ExternalActors__/Blueprints/NavMesh_Prototype/4/ZV/A83HGMP2QJ52H6QIFXHT0H
 |- Actor Path: /Game/Blueprints/NavMesh_Prototype.NavMesh_Prototype:PersistentLevel.PostProcessVolume_0
 |- Actor Package: /Game/__ExternalActors__/Blueprints/NavMesh_Prototype/1/V1/RLLNPW3WFNGHYXFF5XVRH5
 |- Actor Path: /Game/Blueprints/NavMesh_Prototype.NavMesh_Prototype:PersistentLevel.RecastNavMesh_UAID_04BF1B79D76EB91A02-Default
 |- Actor Package: /Game/__ExternalActors__/Blueprints/NavMesh_Prototype/0/8T/6H7PJPOZXX1ROPCRR753J2
 |- Actor Path: /Game/Blueprints/NavMesh_Prototype.NavMesh_Prototype:PersistentLevel.RotatingPlatform_C_UAID_04BF1B79D76EC41A02_1670611447
 |- Actor Package: /Game/__ExternalActors__/Blueprints/NavMesh_Prototype/2/8V/ZC6N0HJJZQMHS6U4D8RAG0
 |- Actor Path: /Game/Blueprints/NavMesh_Prototype.NavMesh_Prototype:PersistentLevel.SkyAtmosphere_1
 |- Actor Package: /Game/__ExternalActors__/Blueprints/NavMesh_Prototype/0/5Z/BIS9W20JSDUTNHQPEROJKE
 |- Actor Path: /Game/Blueprints/NavMesh_Prototype.NavMesh_Prototype:PersistentLevel.SkyLight_0
 |- Actor Package: /Game/__ExternalActors__/Blueprints/NavMesh_Prototype/0/Y2/LPXTY93PZ7BID2FUJYAH11
 |- Actor Path: /Game/Blueprints/NavMesh_Prototype.NavMesh_Prototype:PersistentLevel.StaticMeshActor_33
 |- Actor Package: /Game/__ExternalActors__/Blueprints/NavMesh_Prototype/7/8N/7BKWDALNYU2MNXXWTA10UF
 |- Actor Path: /Game/Blueprints/NavMesh_Prototype.NavMesh_Prototype:PersistentLevel.StaticMeshActor_34
 |- Actor Package: /Game/__ExternalActors__/Blueprints/NavMesh_Prototype/0/83/ZV4DKY3PG36QS61J2UQPQG
 |- Actor Path: /Game/Blueprints/NavMesh_Prototype.NavMesh_Prototype:PersistentLevel.StaticMeshActor_35
 |- Actor Package: /Game/__ExternalActors__/Blueprints/NavMesh_Prototype/7/D1/OXJE2H7LIC862OPQZD7YMI
 |- Actor Path: /Game/Blueprints/NavMesh_Prototype.NavMesh_Prototype:PersistentLevel.StaticMeshActor_39
 |- Actor Package: /Game/__ExternalActors__/Blueprints/NavMesh_Prototype/4/BJ/EWT1TRIQ7NX9ZQH6195LPR
 |- Actor Path: /Game/Blueprints/NavMesh_Prototype.NavMesh_Prototype:PersistentLevel.StaticMeshActor_40
 |- Actor Package: /Game/__ExternalActors__/Blueprints/NavMesh_Prototype/A/Z7/3O3QTBIKVVQPBHLRBCWMHK
 |- Actor Path: /Game/Blueprints/NavMesh_Prototype.NavMesh_Prototype:PersistentLevel.StaticMeshActor_41
 |- Actor Package: /Game/__ExternalActors__/Blueprints/NavMesh_Prototype/C/TM/MKPJTYF59YK013MJBWX3JD
 |- Actor Path: /Game/Blueprints/NavMesh_Prototype.NavMesh_Prototype:PersistentLevel.StaticMeshActor_44
 |- Actor Package: /Game/__ExternalActors__/Blueprints/NavMesh_Prototype/8/FD/O8RYYY300BKH6H4AAN1X8M
 |- Actor Path: /Game/Blueprints/NavMesh_Prototype.NavMesh_Prototype:PersistentLevel.StaticMeshActor_45
 |- Actor Package: /Game/__ExternalActors__/Blueprints/NavMesh_Prototype/5/0L/08IKZRWIJY5HL8HUJ4AX74
 |- Actor Path: /Game/Blueprints/NavMesh_Prototype.NavMesh_Prototype:PersistentLevel.StaticMeshActor_53
 |- Actor Package: /Game/__ExternalActors__/Blueprints/NavMesh_Prototype/1/EC/5TNP797PG9HNBV052RRMLH
 |- Actor Path: /Game/Blueprints/NavMesh_Prototype.NavMesh_Prototype:PersistentLevel.StaticMeshActor_54
 |- Actor Package: /Game/__ExternalActors__/Blueprints/NavMesh_Prototype/C/H4/X0SYQ1OJZE514DRJB2MYFT
 |- Actor Path: /Game/Blueprints/NavMesh_Prototype.NavMesh_Prototype:PersistentLevel.StaticMeshActor_55
 |- Actor Package: /Game/__ExternalActors__/Blueprints/NavMesh_Prototype/6/DV/EIOA62P014BEKM9PAS1P53
 |- Actor Path: /Game/Blueprints/NavMesh_Prototype.NavMesh_Prototype:PersistentLevel.StaticMeshActor_57
 |- Actor Package: /Game/__ExternalActors__/Blueprints/NavMesh_Prototype/A/FR/FRKNTX36AO9UG37B3J0DLN
 |- Actor Path: /Game/Blueprints/NavMesh_Prototype.NavMesh_Prototype:PersistentLevel.StaticMeshActor_58
 |- Actor Package: /Game/__ExternalActors__/Blueprints/NavMesh_Prototype/1/0U/5J1PGIA1S8DYQE6JC3O7SU
 |- Actor Path: /Game/Blueprints/NavMesh_Prototype.NavMesh_Prototype:PersistentLevel.StaticMeshActor_59
 |- Actor Package: /Game/__ExternalActors__/Blueprints/NavMesh_Prototype/0/J8/ALUAAE9YHON0153XR5DXHM
 |- Actor Path: /Game/Blueprints/NavMesh_Prototype.NavMesh_Prototype:PersistentLevel.StaticMeshActor_60
 |- Actor Package: /Game/__ExternalActors__/Blueprints/NavMesh_Prototype/6/PU/DKKT076PK7XR663ZW9IDWT
 |- Actor Path: /Game/Blueprints/NavMesh_Prototype.NavMesh_Prototype:PersistentLevel.StaticMeshActor_61
 |- Actor Package: /Game/__ExternalActors__/Blueprints/NavMesh_Prototype/9/OH/69Z4POPFFRNBRQX8X22BZP
 |- Actor Path: /Game/Blueprints/NavMesh_Prototype.NavMesh_Prototype:PersistentLevel.StaticMeshActor_UAID_04BF1B79D76E121B02_1123060175
 |- Actor Package: /Game/__ExternalActors__/Blueprints/NavMesh_Prototype/0/1K/002X4OGJUUS9IGPJSM8L1M
 |- Actor Path: /Game/Blueprints/NavMesh_Prototype.NavMesh_Prototype:PersistentLevel.StaticMeshActor_UAID_04BF1B79D76E121B02_1167827177
 |- Actor Package: /Game/__ExternalActors__/Blueprints/NavMesh_Prototype/3/TK/13BXL34UNHERI9FHF2IG85
 |- Actor Path: /Game/Blueprints/NavMesh_Prototype.NavMesh_Prototype:PersistentLevel.StaticMeshActor_UAID_04BF1B79D76EB91A02_1513750511
 |- Actor Package: /Game/__ExternalActors__/Blueprints/NavMesh_Prototype/5/ZH/ZJCLPIGS4K41066BBNYH0S
 |- Actor Path: /Game/Blueprints/NavMesh_Prototype.NavMesh_Prototype:PersistentLevel.StaticMeshActor_UAID_04BF1B79D76EB91A02_1518411512
 |- Actor Package: /Game/__ExternalActors__/Blueprints/NavMesh_Prototype/0/EP/MD7D7IE2GE13EP6VIC2VCU
 |- Actor Path: /Game/Blueprints/NavMesh_Prototype.NavMesh_Prototype:PersistentLevel.StaticMeshActor_UAID_04BF1B79D76EB91A02_1521214513
 |- Actor Package: /Game/__ExternalActors__/Blueprints/NavMesh_Prototype/0/N5/3D5UB8PBRE1QSWWQLHXKDE
 |- Actor Path: /Game/Blueprints/NavMesh_Prototype.NavMesh_Prototype:PersistentLevel.StaticMeshActor_UAID_04BF1B79D76EB91A02_1530875514
 |- Actor Package: /Game/__ExternalActors__/Blueprints/NavMesh_Prototype/B/SQ/8HW2MWXDLKF25RR5SDG1MR
 |- Actor Path: /Game/Blueprints/NavMesh_Prototype.NavMesh_Prototype:PersistentLevel.StaticMeshActor_UAID_04BF1B79D76EB91A02_1532482515
 |- Actor Package: /Game/__ExternalActors__/Blueprints/NavMesh_Prototype/B/JC/T31FPYDCQFD2HBOODAI81A
 |- Actor Path: /Game/Blueprints/NavMesh_Prototype.NavMesh_Prototype:PersistentLevel.StaticMeshActor_UAID_04BF1B79D76EB91A02_1533887516
 |- Actor Package: /Game/__ExternalActors__/Blueprints/NavMesh_Prototype/7/Q1/F0DO35U1S0N0WGLDNMOP7M
 |- Actor Path: /Game/Blueprints/NavMesh_Prototype.NavMesh_Prototype:PersistentLevel.StaticMeshActor_UAID_04BF1B79D76EB91A02_1547652517
 |- Actor Package: /Game/__ExternalActors__/Blueprints/NavMesh_Prototype/8/ZQ/83EI9HDAE3XBVZOX1TQ1EJ
 |- Actor Path: /Game/Blueprints/NavMesh_Prototype.NavMesh_Prototype:PersistentLevel.StaticMeshActor_UAID_04BF1B79D76EB91A02_1651574520
 |- Actor Package: /Game/__ExternalActors__/Blueprints/NavMesh_Prototype/9/FU/290QHQTMHDIAP4V75JEEWF
 |- Actor Path: /Game/Blueprints/NavMesh_Prototype.NavMesh_Prototype:PersistentLevel.StaticMeshActor_UAID_04BF1B79D76EB91A02_1683027521
 |- Actor Package: /Game/__ExternalActors__/Blueprints/NavMesh_Prototype/C/DL/PWOJVAHUNE84ED63NHNSWA
 |- Actor Path: /Game/Blueprints/NavMesh_Prototype.NavMesh_Prototype:PersistentLevel.StaticMeshActor_UAID_04BF1B79D76EB91A02_1688074522
 |- Actor Package: /Game/__ExternalActors__/Blueprints/NavMesh_Prototype/7/46/RURF1JZTLQ3O53LYE3R0L5
 |- Actor Path: /Game/Blueprints/NavMesh_Prototype.NavMesh_Prototype:PersistentLevel.StaticMeshActor_UAID_04BF1B79D76EB91A02_1864727523
 |- Actor Package: /Game/__ExternalActors__/Blueprints/NavMesh_Prototype/8/SH/RJ7VYT7F8NLNC9SU1XLQRJ
 |- Actor Path: /Game/Blueprints/NavMesh_Prototype.NavMesh_Prototype:PersistentLevel.StaticMeshActor_UAID_04BF1B79D76EBD1A02_1488731215
 |- Actor Package: /Game/__ExternalActors__/Blueprints/NavMesh_Prototype/B/KG/WYSNFVWDZ31J8ZNPRGERJ8
 |- Actor Path: /Game/Blueprints/NavMesh_Prototype.NavMesh_Prototype:PersistentLevel.StaticMeshActor_UAID_A4AE111137DC5EFB00_1594956423
 |- Actor Package: /Game/__ExternalActors__/Blueprints/NavMesh_Prototype/2/60/A0X5HY9Y83502YS4FI8VFL
 |- Actor Path: /Game/Blueprints/NavMesh_Prototype.NavMesh_Prototype:PersistentLevel.VolumetricCloud_1
 |- Actor Package: /Game/__ExternalActors__/Blueprints/NavMesh_Prototype/E/2C/HC50JVNN408J7PW8DID6M6
 |- Actor Path: /Game/Blueprints/NavMesh_Prototype.NavMesh_Prototype:PersistentLevel.WorldDataLayers
 |- Actor Package: /Game/__ExternalActors__/Blueprints/NavMesh_Prototype/9/RP/7UT8R3AX9I8N3B23GHPZGS

----------------------------------------------------------------------------------------------------------------
NavMesh_Prototype - Runtime Hash Set
----------------------------------------------------------------------------------------------------------------

